{"/home/node/app/jest.config.ts": {"path":"/home/node/app/jest.config.ts","statementMap":{"0":{"start":{"line":2,"column":0},"end":{"line":2,"column":50}},"1":{"start":{"line":3,"column":0},"end":{"line":3,"column":50}},"2":{"start":{"line":5,"column":23},"end":{"line":19,"column":2}},"3":{"start":{"line":21,"column":0},"end":{"line":21,"column":22}}},"fnMap":{},"branchMap":{},"s":{"0":0,"1":0,"2":0,"3":0},"f":{},"b":{}}
,"/home/node/app/jest.e2e.config.ts": {"path":"/home/node/app/jest.e2e.config.ts","statementMap":{"0":{"start":{"line":2,"column":0},"end":{"line":2,"column":50}},"1":{"start":{"line":3,"column":0},"end":{"line":3,"column":50}},"2":{"start":{"line":5,"column":23},"end":{"line":19,"column":2}},"3":{"start":{"line":21,"column":0},"end":{"line":21,"column":22}}},"fnMap":{},"branchMap":{},"s":{"0":0,"1":0,"2":0,"3":0},"f":{},"b":{}}
,"/home/node/app/src/app.module.ts": {"path":"/home/node/app/src/app.module.ts","statementMap":{"0":{"start":{"line":1,"column":0},"end":{"line":1,"column":40}},"1":{"start":{"line":2,"column":0},"end":{"line":2,"column":54}},"2":{"start":{"line":5,"column":7},"end":{"line":5,"column":null}},"3":{"start":{"line":5,"column":13},"end":{"line":5,"column":22}},"4":{"start":{"line":5,"column":13},"end":{"line":5,"column":null}}},"fnMap":{},"branchMap":{},"s":{"0":0,"1":0,"2":0,"3":0,"4":0},"f":{},"b":{}}
,"/home/node/app/src/main.ts": {"path":"/home/node/app/src/main.ts","statementMap":{"0":{"start":{"line":1,"column":0},"end":{"line":1,"column":43}},"1":{"start":{"line":3,"column":0},"end":{"line":3,"column":41}},"2":{"start":{"line":4,"column":0},"end":{"line":4,"column":65}},"3":{"start":{"line":5,"column":0},"end":{"line":5,"column":48}},"4":{"start":{"line":8,"column":13},"end":{"line":8,"column":72}},"5":{"start":{"line":9,"column":1},"end":{"line":9,"column":27}},"6":{"start":{"line":11,"column":1},"end":{"line":11,"column":42}},"7":{"start":{"line":12,"column":1},"end":{"line":15,"column":4}},"8":{"start":{"line":17,"column":16},"end":{"line":22,"column":10}},"9":{"start":{"line":24,"column":18},"end":{"line":24,"column":59}},"10":{"start":{"line":25,"column":1},"end":{"line":25,"column":43}},"11":{"start":{"line":27,"column":1},"end":{"line":27,"column":44}},"12":{"start":{"line":29,"column":0},"end":{"line":29,"column":12}}},"fnMap":{"0":{"name":"bootstrap","decl":{"start":{"line":7,"column":15},"end":{"line":7,"column":24}},"loc":{"start":{"line":7,"column":24},"end":{"line":28,"column":1}}}},"branchMap":{"0":{"loc":{"start":{"line":27,"column":18},"end":{"line":27,"column":42}},"type":"binary-expr","locations":[{"start":{"line":27,"column":18},"end":{"line":27,"column":34}},{"start":{"line":27,"column":38},"end":{"line":27,"column":42}}]}},"s":{"0":0,"1":0,"2":0,"3":0,"4":0,"5":0,"6":0,"7":0,"8":0,"9":0,"10":0,"11":0,"12":0},"f":{"0":0},"b":{"0":[0,0]}}
,"/home/node/app/src/app/entities/entities.ts": {"path":"/home/node/app/src/app/entities/entities.ts","statementMap":{"0":{"start":{"line":1,"column":0},"end":{"line":1,"column":null}},"1":{"start":{"line":2,"column":1},"end":{"line":2,"column":null}},"2":{"start":{"line":3,"column":1},"end":{"line":3,"column":null}},"3":{"start":{"line":4,"column":1},"end":{"line":4,"column":null}}},"fnMap":{"0":{"name":"(anonymous_0)","decl":{"start":{"line":1,"column":0},"end":{"line":1,"column":12}},"loc":{"start":{"line":1,"column":24},"end":{"line":5,"column":1}}}},"branchMap":{"0":{"loc":{"start":{"line":1,"column":12},"end":{"line":1,"column":null}},"type":"binary-expr","locations":[{"start":{"line":1,"column":12},"end":{"line":1,"column":24}},{"start":{"line":1,"column":24},"end":{"line":1,"column":null}}]}},"s":{"0":12,"1":12,"2":12,"3":12},"f":{"0":12},"b":{"0":[12,12]}}
,"/home/node/app/src/app/entities/VO/CEP.ts": {"path":"/home/node/app/src/app/entities/VO/CEP.ts","statementMap":{"0":{"start":{"line":1,"column":0},"end":{"line":1,"column":52}},"1":{"start":{"line":2,"column":0},"end":{"line":2,"column":43}},"2":{"start":{"line":5,"column":30},"end":{"line":5,"column":44}},"3":{"start":{"line":6,"column":2},"end":{"line":10,"column":6}},"4":{"start":{"line":7,"column":3},"end":{"line":10,"column":6}},"5":{"start":{"line":14,"column":2},"end":{"line":14,"column":39}},"6":{"start":{"line":18,"column":2},"end":{"line":18,"column":21}},"7":{"start":{"line":4,"column":0},"end":{"line":4,"column":13}}},"fnMap":{"0":{"name":"(anonymous_0)","decl":{"start":{"line":5,"column":1},"end":{"line":5,"column":30}},"loc":{"start":{"line":5,"column":44},"end":{"line":11,"column":2}}},"1":{"name":"(anonymous_1)","decl":{"start":{"line":13,"column":8},"end":{"line":13,"column":15}},"loc":{"start":{"line":13,"column":26},"end":{"line":15,"column":2}}},"2":{"name":"(anonymous_2)","decl":{"start":{"line":17,"column":8},"end":{"line":17,"column":13}},"loc":{"start":{"line":17,"column":13},"end":{"line":19,"column":2}}}},"branchMap":{"0":{"loc":{"start":{"line":6,"column":2},"end":{"line":10,"column":6}},"type":"if","locations":[{"start":{"line":6,"column":2},"end":{"line":10,"column":6}}]}},"s":{"0":2,"1":2,"2":6,"3":6,"4":2,"5":2,"6":2,"7":2},"f":{"0":6,"1":2,"2":2},"b":{"0":[2]}}
,"/home/node/app/src/app/entities/VO/CNPJ.ts": {"path":"/home/node/app/src/app/entities/VO/CNPJ.ts","statementMap":{"0":{"start":{"line":1,"column":0},"end":{"line":1,"column":52}},"1":{"start":{"line":2,"column":0},"end":{"line":2,"column":43}},"2":{"start":{"line":5,"column":30},"end":{"line":5,"column":44}},"3":{"start":{"line":6,"column":2},"end":{"line":10,"column":6}},"4":{"start":{"line":7,"column":3},"end":{"line":10,"column":6}},"5":{"start":{"line":14,"column":2},"end":{"line":14,"column":39}},"6":{"start":{"line":18,"column":2},"end":{"line":18,"column":21}},"7":{"start":{"line":4,"column":0},"end":{"line":4,"column":13}}},"fnMap":{"0":{"name":"(anonymous_0)","decl":{"start":{"line":5,"column":1},"end":{"line":5,"column":30}},"loc":{"start":{"line":5,"column":44},"end":{"line":11,"column":2}}},"1":{"name":"(anonymous_1)","decl":{"start":{"line":13,"column":8},"end":{"line":13,"column":15}},"loc":{"start":{"line":13,"column":27},"end":{"line":15,"column":2}}},"2":{"name":"(anonymous_2)","decl":{"start":{"line":17,"column":8},"end":{"line":17,"column":13}},"loc":{"start":{"line":17,"column":13},"end":{"line":19,"column":2}}}},"branchMap":{"0":{"loc":{"start":{"line":6,"column":2},"end":{"line":10,"column":6}},"type":"if","locations":[{"start":{"line":6,"column":2},"end":{"line":10,"column":6}}]}},"s":{"0":2,"1":2,"2":6,"3":6,"4":2,"5":2,"6":2,"7":2},"f":{"0":6,"1":2,"2":2},"b":{"0":[2]}}
,"/home/node/app/src/app/entities/VO/CPF.ts": {"path":"/home/node/app/src/app/entities/VO/CPF.ts","statementMap":{"0":{"start":{"line":1,"column":0},"end":{"line":1,"column":52}},"1":{"start":{"line":2,"column":0},"end":{"line":2,"column":43}},"2":{"start":{"line":5,"column":30},"end":{"line":5,"column":44}},"3":{"start":{"line":6,"column":2},"end":{"line":10,"column":6}},"4":{"start":{"line":7,"column":3},"end":{"line":10,"column":6}},"5":{"start":{"line":14,"column":2},"end":{"line":14,"column":39}},"6":{"start":{"line":18,"column":2},"end":{"line":18,"column":21}},"7":{"start":{"line":4,"column":0},"end":{"line":4,"column":13}}},"fnMap":{"0":{"name":"(anonymous_0)","decl":{"start":{"line":5,"column":1},"end":{"line":5,"column":30}},"loc":{"start":{"line":5,"column":44},"end":{"line":11,"column":2}}},"1":{"name":"(anonymous_1)","decl":{"start":{"line":13,"column":8},"end":{"line":13,"column":15}},"loc":{"start":{"line":13,"column":26},"end":{"line":15,"column":2}}},"2":{"name":"(anonymous_2)","decl":{"start":{"line":17,"column":8},"end":{"line":17,"column":13}},"loc":{"start":{"line":17,"column":13},"end":{"line":19,"column":2}}}},"branchMap":{"0":{"loc":{"start":{"line":6,"column":2},"end":{"line":10,"column":6}},"type":"if","locations":[{"start":{"line":6,"column":2},"end":{"line":10,"column":6}}]}},"s":{"0":2,"1":2,"2":6,"3":6,"4":2,"5":2,"6":2,"7":2},"f":{"0":6,"1":2,"2":2},"b":{"0":[2]}}
,"/home/node/app/src/app/entities/VO/block.ts": {"path":"/home/node/app/src/app/entities/VO/block.ts","statementMap":{"0":{"start":{"line":1,"column":0},"end":{"line":1,"column":52}},"1":{"start":{"line":2,"column":0},"end":{"line":2,"column":43}},"2":{"start":{"line":5,"column":30},"end":{"line":5,"column":44}},"3":{"start":{"line":6,"column":2},"end":{"line":10,"column":6}},"4":{"start":{"line":7,"column":3},"end":{"line":10,"column":6}},"5":{"start":{"line":14,"column":2},"end":{"line":14,"column":39}},"6":{"start":{"line":18,"column":2},"end":{"line":18,"column":21}},"7":{"start":{"line":4,"column":0},"end":{"line":4,"column":13}}},"fnMap":{"0":{"name":"(anonymous_0)","decl":{"start":{"line":5,"column":1},"end":{"line":5,"column":30}},"loc":{"start":{"line":5,"column":44},"end":{"line":11,"column":2}}},"1":{"name":"(anonymous_1)","decl":{"start":{"line":13,"column":8},"end":{"line":13,"column":15}},"loc":{"start":{"line":13,"column":28},"end":{"line":15,"column":2}}},"2":{"name":"(anonymous_2)","decl":{"start":{"line":17,"column":8},"end":{"line":17,"column":13}},"loc":{"start":{"line":17,"column":13},"end":{"line":19,"column":2}}}},"branchMap":{"0":{"loc":{"start":{"line":6,"column":2},"end":{"line":10,"column":6}},"type":"if","locations":[{"start":{"line":6,"column":2},"end":{"line":10,"column":6}}]}},"s":{"0":2,"1":2,"2":5,"3":5,"4":1,"5":2,"6":2,"7":2},"f":{"0":5,"1":2,"2":2},"b":{"0":[1]}}
,"/home/node/app/src/app/entities/VO/email.ts": {"path":"/home/node/app/src/app/entities/VO/email.ts","statementMap":{"0":{"start":{"line":1,"column":0},"end":{"line":1,"column":52}},"1":{"start":{"line":2,"column":0},"end":{"line":2,"column":43}},"2":{"start":{"line":5,"column":30},"end":{"line":5,"column":44}},"3":{"start":{"line":6,"column":2},"end":{"line":10,"column":6}},"4":{"start":{"line":7,"column":3},"end":{"line":10,"column":6}},"5":{"start":{"line":14,"column":2},"end":{"line":14,"column":39}},"6":{"start":{"line":18,"column":2},"end":{"line":18,"column":21}},"7":{"start":{"line":4,"column":0},"end":{"line":4,"column":13}}},"fnMap":{"0":{"name":"(anonymous_0)","decl":{"start":{"line":5,"column":1},"end":{"line":5,"column":30}},"loc":{"start":{"line":5,"column":44},"end":{"line":11,"column":2}}},"1":{"name":"(anonymous_1)","decl":{"start":{"line":13,"column":8},"end":{"line":13,"column":15}},"loc":{"start":{"line":13,"column":28},"end":{"line":15,"column":2}}},"2":{"name":"(anonymous_2)","decl":{"start":{"line":17,"column":8},"end":{"line":17,"column":13}},"loc":{"start":{"line":17,"column":13},"end":{"line":19,"column":2}}}},"branchMap":{"0":{"loc":{"start":{"line":6,"column":2},"end":{"line":10,"column":6}},"type":"if","locations":[{"start":{"line":6,"column":2},"end":{"line":10,"column":6}}]},"1":{"loc":{"start":{"line":6,"column":6},"end":{"line":6,"column":46}},"type":"binary-expr","locations":[{"start":{"line":6,"column":6},"end":{"line":6,"column":25}},{"start":{"line":6,"column":29},"end":{"line":6,"column":46}}]}},"s":{"0":2,"1":2,"2":6,"3":6,"4":2,"5":2,"6":2,"7":2},"f":{"0":6,"1":2,"2":2},"b":{"0":[2],"1":[6,5]}}
,"/home/node/app/src/app/entities/VO/level.ts": {"path":"/home/node/app/src/app/entities/VO/level.ts","statementMap":{"0":{"start":{"line":1,"column":0},"end":{"line":1,"column":52}},"1":{"start":{"line":2,"column":0},"end":{"line":2,"column":43}},"2":{"start":{"line":5,"column":30},"end":{"line":5,"column":44}},"3":{"start":{"line":6,"column":2},"end":{"line":10,"column":6}},"4":{"start":{"line":7,"column":3},"end":{"line":10,"column":6}},"5":{"start":{"line":14,"column":2},"end":{"line":14,"column":39}},"6":{"start":{"line":18,"column":2},"end":{"line":18,"column":21}},"7":{"start":{"line":4,"column":0},"end":{"line":4,"column":13}}},"fnMap":{"0":{"name":"(anonymous_0)","decl":{"start":{"line":5,"column":1},"end":{"line":5,"column":30}},"loc":{"start":{"line":5,"column":44},"end":{"line":11,"column":2}}},"1":{"name":"(anonymous_1)","decl":{"start":{"line":13,"column":8},"end":{"line":13,"column":15}},"loc":{"start":{"line":13,"column":28},"end":{"line":15,"column":2}}},"2":{"name":"(anonymous_2)","decl":{"start":{"line":17,"column":8},"end":{"line":17,"column":13}},"loc":{"start":{"line":17,"column":13},"end":{"line":19,"column":2}}}},"branchMap":{"0":{"loc":{"start":{"line":6,"column":2},"end":{"line":10,"column":6}},"type":"if","locations":[{"start":{"line":6,"column":2},"end":{"line":10,"column":6}}]},"1":{"loc":{"start":{"line":6,"column":6},"end":{"line":6,"column":30}},"type":"binary-expr","locations":[{"start":{"line":6,"column":6},"end":{"line":6,"column":16}},{"start":{"line":6,"column":20},"end":{"line":6,"column":30}}]}},"s":{"0":2,"1":2,"2":6,"3":6,"4":2,"5":2,"6":3,"7":2},"f":{"0":6,"1":2,"2":3},"b":{"0":[2],"1":[6,4]}}
,"/home/node/app/src/app/entities/VO/name.ts": {"path":"/home/node/app/src/app/entities/VO/name.ts","statementMap":{"0":{"start":{"line":1,"column":0},"end":{"line":1,"column":52}},"1":{"start":{"line":2,"column":0},"end":{"line":2,"column":43}},"2":{"start":{"line":5,"column":30},"end":{"line":5,"column":44}},"3":{"start":{"line":6,"column":2},"end":{"line":10,"column":6}},"4":{"start":{"line":7,"column":3},"end":{"line":10,"column":6}},"5":{"start":{"line":14,"column":2},"end":{"line":14,"column":39}},"6":{"start":{"line":18,"column":2},"end":{"line":18,"column":21}},"7":{"start":{"line":4,"column":0},"end":{"line":4,"column":13}}},"fnMap":{"0":{"name":"(anonymous_0)","decl":{"start":{"line":5,"column":1},"end":{"line":5,"column":30}},"loc":{"start":{"line":5,"column":44},"end":{"line":11,"column":2}}},"1":{"name":"(anonymous_1)","decl":{"start":{"line":13,"column":8},"end":{"line":13,"column":15}},"loc":{"start":{"line":13,"column":27},"end":{"line":15,"column":2}}},"2":{"name":"(anonymous_2)","decl":{"start":{"line":17,"column":8},"end":{"line":17,"column":13}},"loc":{"start":{"line":17,"column":13},"end":{"line":19,"column":2}}}},"branchMap":{"0":{"loc":{"start":{"line":6,"column":2},"end":{"line":10,"column":6}},"type":"if","locations":[{"start":{"line":6,"column":2},"end":{"line":10,"column":6}}]},"1":{"loc":{"start":{"line":6,"column":6},"end":{"line":6,"column":46}},"type":"binary-expr","locations":[{"start":{"line":6,"column":6},"end":{"line":6,"column":25}},{"start":{"line":6,"column":29},"end":{"line":6,"column":46}}]}},"s":{"0":3,"1":3,"2":8,"3":8,"4":2,"5":3,"6":3,"7":3},"f":{"0":8,"1":3,"2":3},"b":{"0":[2],"1":[8,7]}}
,"/home/node/app/src/app/entities/VO/num.ts": {"path":"/home/node/app/src/app/entities/VO/num.ts","statementMap":{"0":{"start":{"line":1,"column":0},"end":{"line":1,"column":52}},"1":{"start":{"line":2,"column":0},"end":{"line":2,"column":43}},"2":{"start":{"line":5,"column":30},"end":{"line":5,"column":44}},"3":{"start":{"line":6,"column":2},"end":{"line":10,"column":6}},"4":{"start":{"line":7,"column":3},"end":{"line":10,"column":6}},"5":{"start":{"line":14,"column":2},"end":{"line":14,"column":39}},"6":{"start":{"line":18,"column":2},"end":{"line":18,"column":21}},"7":{"start":{"line":4,"column":0},"end":{"line":4,"column":13}}},"fnMap":{"0":{"name":"(anonymous_0)","decl":{"start":{"line":5,"column":1},"end":{"line":5,"column":30}},"loc":{"start":{"line":5,"column":44},"end":{"line":11,"column":2}}},"1":{"name":"(anonymous_1)","decl":{"start":{"line":13,"column":8},"end":{"line":13,"column":15}},"loc":{"start":{"line":13,"column":26},"end":{"line":15,"column":2}}},"2":{"name":"(anonymous_2)","decl":{"start":{"line":17,"column":8},"end":{"line":17,"column":13}},"loc":{"start":{"line":17,"column":13},"end":{"line":19,"column":2}}}},"branchMap":{"0":{"loc":{"start":{"line":6,"column":2},"end":{"line":10,"column":6}},"type":"if","locations":[{"start":{"line":6,"column":2},"end":{"line":10,"column":6}}]},"1":{"loc":{"start":{"line":6,"column":6},"end":{"line":6,"column":34}},"type":"binary-expr","locations":[{"start":{"line":6,"column":6},"end":{"line":6,"column":20}},{"start":{"line":6,"column":24},"end":{"line":6,"column":34}}]}},"s":{"0":2,"1":2,"2":6,"3":6,"4":2,"5":2,"6":2,"7":2},"f":{"0":6,"1":2,"2":2},"b":{"0":[2],"1":[6,5]}}
,"/home/node/app/src/app/entities/VO/password.ts": {"path":"/home/node/app/src/app/entities/VO/password.ts","statementMap":{"0":{"start":{"line":1,"column":0},"end":{"line":1,"column":52}},"1":{"start":{"line":2,"column":0},"end":{"line":2,"column":43}},"2":{"start":{"line":5,"column":30},"end":{"line":5,"column":44}},"3":{"start":{"line":6,"column":2},"end":{"line":10,"column":6}},"4":{"start":{"line":7,"column":3},"end":{"line":10,"column":6}},"5":{"start":{"line":14,"column":2},"end":{"line":14,"column":39}},"6":{"start":{"line":18,"column":2},"end":{"line":18,"column":21}},"7":{"start":{"line":4,"column":0},"end":{"line":4,"column":13}}},"fnMap":{"0":{"name":"(anonymous_0)","decl":{"start":{"line":5,"column":1},"end":{"line":5,"column":30}},"loc":{"start":{"line":5,"column":44},"end":{"line":11,"column":2}}},"1":{"name":"(anonymous_1)","decl":{"start":{"line":13,"column":8},"end":{"line":13,"column":15}},"loc":{"start":{"line":13,"column":31},"end":{"line":15,"column":2}}},"2":{"name":"(anonymous_2)","decl":{"start":{"line":17,"column":8},"end":{"line":17,"column":13}},"loc":{"start":{"line":17,"column":13},"end":{"line":19,"column":2}}}},"branchMap":{"0":{"loc":{"start":{"line":6,"column":2},"end":{"line":10,"column":6}},"type":"if","locations":[{"start":{"line":6,"column":2},"end":{"line":10,"column":6}}]},"1":{"loc":{"start":{"line":6,"column":6},"end":{"line":6,"column":45}},"type":"binary-expr","locations":[{"start":{"line":6,"column":6},"end":{"line":6,"column":24}},{"start":{"line":6,"column":28},"end":{"line":6,"column":45}}]}},"s":{"0":2,"1":2,"2":6,"3":6,"4":2,"5":2,"6":2,"7":2},"f":{"0":6,"1":2,"2":2},"b":{"0":[2],"1":[6,5]}}
,"/home/node/app/src/app/entities/VO/phoneNumber.ts": {"path":"/home/node/app/src/app/entities/VO/phoneNumber.ts","statementMap":{"0":{"start":{"line":1,"column":0},"end":{"line":1,"column":52}},"1":{"start":{"line":2,"column":0},"end":{"line":2,"column":43}},"2":{"start":{"line":5,"column":30},"end":{"line":5,"column":44}},"3":{"start":{"line":6,"column":2},"end":{"line":10,"column":6}},"4":{"start":{"line":7,"column":3},"end":{"line":10,"column":6}},"5":{"start":{"line":14,"column":2},"end":{"line":14,"column":39}},"6":{"start":{"line":18,"column":2},"end":{"line":18,"column":21}},"7":{"start":{"line":4,"column":0},"end":{"line":4,"column":13}}},"fnMap":{"0":{"name":"(anonymous_0)","decl":{"start":{"line":5,"column":1},"end":{"line":5,"column":30}},"loc":{"start":{"line":5,"column":44},"end":{"line":11,"column":2}}},"1":{"name":"(anonymous_1)","decl":{"start":{"line":13,"column":8},"end":{"line":13,"column":15}},"loc":{"start":{"line":13,"column":34},"end":{"line":15,"column":2}}},"2":{"name":"(anonymous_2)","decl":{"start":{"line":17,"column":8},"end":{"line":17,"column":13}},"loc":{"start":{"line":17,"column":13},"end":{"line":19,"column":2}}}},"branchMap":{"0":{"loc":{"start":{"line":6,"column":2},"end":{"line":10,"column":6}},"type":"if","locations":[{"start":{"line":6,"column":2},"end":{"line":10,"column":6}}]},"1":{"loc":{"start":{"line":6,"column":6},"end":{"line":6,"column":46}},"type":"binary-expr","locations":[{"start":{"line":6,"column":6},"end":{"line":6,"column":24}},{"start":{"line":6,"column":28},"end":{"line":6,"column":46}}]}},"s":{"0":2,"1":2,"2":6,"3":6,"4":2,"5":2,"6":2,"7":2},"f":{"0":6,"1":2,"2":2},"b":{"0":[2],"1":[6,5]}}
,"/home/node/app/src/app/entities/condominium/index.ts": {"path":"/home/node/app/src/app/entities/condominium/index.ts","statementMap":{"0":{"start":{"line":1,"column":0},"end":{"line":1,"column":36}},"1":{"start":{"line":29,"column":2},"end":{"line":33,"column":4}},"2":{"start":{"line":34,"column":2},"end":{"line":34,"column":32}},"3":{"start":{"line":38,"column":2},"end":{"line":48,"column":4}},"4":{"start":{"line":53,"column":2},"end":{"line":53,"column":18}},"5":{"start":{"line":58,"column":2},"end":{"line":58,"column":25}},"6":{"start":{"line":61,"column":2},"end":{"line":61,"column":26}},"7":{"start":{"line":66,"column":2},"end":{"line":66,"column":24}},"8":{"start":{"line":69,"column":2},"end":{"line":69,"column":19}},"9":{"start":{"line":74,"column":2},"end":{"line":74,"column":24}},"10":{"start":{"line":77,"column":2},"end":{"line":77,"column":25}},"11":{"start":{"line":82,"column":2},"end":{"line":82,"column":26}},"12":{"start":{"line":85,"column":2},"end":{"line":85,"column":27}},"13":{"start":{"line":90,"column":2},"end":{"line":90,"column":25}},"14":{"start":{"line":93,"column":2},"end":{"line":93,"column":26}},"15":{"start":{"line":98,"column":2},"end":{"line":98,"column":30}},"16":{"start":{"line":103,"column":2},"end":{"line":103,"column":30}},"17":{"start":{"line":24,"column":0},"end":{"line":24,"column":13}}},"fnMap":{"0":{"name":"(anonymous_0)","decl":{"start":{"line":28,"column":1},"end":{"line":28,"column":13}},"loc":{"start":{"line":28,"column":57},"end":{"line":35,"column":2}}},"1":{"name":"(anonymous_1)","decl":{"start":{"line":37,"column":8},"end":{"line":37,"column":15}},"loc":{"start":{"line":37,"column":34},"end":{"line":49,"column":2}}},"2":{"name":"(anonymous_2)","decl":{"start":{"line":52,"column":1},"end":{"line":52,"column":5}},"loc":{"start":{"line":52,"column":7},"end":{"line":54,"column":2}}},"3":{"name":"(anonymous_3)","decl":{"start":{"line":57,"column":1},"end":{"line":57,"column":5}},"loc":{"start":{"line":57,"column":9},"end":{"line":59,"column":2}}},"4":{"name":"(anonymous_4)","decl":{"start":{"line":60,"column":1},"end":{"line":60,"column":5}},"loc":{"start":{"line":60,"column":21},"end":{"line":62,"column":2}}},"5":{"name":"(anonymous_5)","decl":{"start":{"line":65,"column":1},"end":{"line":65,"column":5}},"loc":{"start":{"line":65,"column":8},"end":{"line":67,"column":2}}},"6":{"name":"(anonymous_6)","decl":{"start":{"line":68,"column":1},"end":{"line":68,"column":5}},"loc":{"start":{"line":68,"column":19},"end":{"line":70,"column":2}}},"7":{"name":"(anonymous_7)","decl":{"start":{"line":73,"column":1},"end":{"line":73,"column":5}},"loc":{"start":{"line":73,"column":8},"end":{"line":75,"column":2}}},"8":{"name":"(anonymous_8)","decl":{"start":{"line":76,"column":1},"end":{"line":76,"column":5}},"loc":{"start":{"line":76,"column":19},"end":{"line":78,"column":2}}},"9":{"name":"(anonymous_9)","decl":{"start":{"line":81,"column":1},"end":{"line":81,"column":5}},"loc":{"start":{"line":81,"column":10},"end":{"line":83,"column":2}}},"10":{"name":"(anonymous_10)","decl":{"start":{"line":84,"column":1},"end":{"line":84,"column":5}},"loc":{"start":{"line":84,"column":23},"end":{"line":86,"column":2}}},"11":{"name":"(anonymous_11)","decl":{"start":{"line":89,"column":1},"end":{"line":89,"column":5}},"loc":{"start":{"line":89,"column":9},"end":{"line":91,"column":2}}},"12":{"name":"(anonymous_12)","decl":{"start":{"line":92,"column":1},"end":{"line":92,"column":5}},"loc":{"start":{"line":92,"column":21},"end":{"line":94,"column":2}}},"13":{"name":"(anonymous_13)","decl":{"start":{"line":97,"column":1},"end":{"line":97,"column":5}},"loc":{"start":{"line":97,"column":14},"end":{"line":99,"column":2}}},"14":{"name":"(anonymous_14)","decl":{"start":{"line":102,"column":1},"end":{"line":102,"column":5}},"loc":{"start":{"line":102,"column":14},"end":{"line":104,"column":2}}}},"branchMap":{"0":{"loc":{"start":{"line":31,"column":14},"end":{"line":31,"column":45}},"type":"binary-expr","locations":[{"start":{"line":31,"column":14},"end":{"line":31,"column":31}},{"start":{"line":31,"column":35},"end":{"line":31,"column":45}}]},"1":{"loc":{"start":{"line":32,"column":14},"end":{"line":32,"column":45}},"type":"binary-expr","locations":[{"start":{"line":32,"column":14},"end":{"line":32,"column":31}},{"start":{"line":32,"column":35},"end":{"line":32,"column":45}}]},"2":{"loc":{"start":{"line":34,"column":13},"end":{"line":34,"column":31}},"type":"binary-expr","locations":[{"start":{"line":34,"column":13},"end":{"line":34,"column":15}},{"start":{"line":34,"column":19},"end":{"line":34,"column":31}}]},"3":{"loc":{"start":{"line":39,"column":3},"end":{"line":47,"column":43}},"type":"binary-expr","locations":[{"start":{"line":39,"column":3},"end":{"line":39,"column":31}},{"start":{"line":40,"column":3},"end":{"line":40,"column":23}},{"start":{"line":41,"column":3},"end":{"line":41,"column":38}},{"start":{"line":42,"column":3},"end":{"line":42,"column":36}},{"start":{"line":43,"column":3},"end":{"line":43,"column":36}},{"start":{"line":44,"column":3},"end":{"line":44,"column":40}},{"start":{"line":45,"column":3},"end":{"line":45,"column":38}},{"start":{"line":46,"column":3},"end":{"line":46,"column":43}},{"start":{"line":47,"column":3},"end":{"line":47,"column":43}}]}},"s":{"0":1,"1":2,"2":2,"3":1,"4":2,"5":1,"6":0,"7":1,"8":0,"9":1,"10":0,"11":1,"12":0,"13":1,"14":0,"15":1,"16":1,"17":1},"f":{"0":2,"1":1,"2":2,"3":1,"4":0,"5":1,"6":0,"7":1,"8":0,"9":1,"10":0,"11":1,"12":0,"13":1,"14":1},"b":{"0":[2,0],"1":[2,0],"2":[2,0],"3":[1,1,1,1,1,1,1,1,1]}}
,"/home/node/app/src/app/entities/user/index.ts": {"path":"/home/node/app/src/app/entities/user/index.ts","statementMap":{"0":{"start":{"line":1,"column":0},"end":{"line":1,"column":36}},"1":{"start":{"line":8,"column":0},"end":{"line":8,"column":36}},"2":{"start":{"line":35,"column":2},"end":{"line":40,"column":4}},"3":{"start":{"line":41,"column":2},"end":{"line":41,"column":32}},"4":{"start":{"line":45,"column":2},"end":{"line":55,"column":36}},"5":{"start":{"line":60,"column":2},"end":{"line":60,"column":18}},"6":{"start":{"line":65,"column":2},"end":{"line":65,"column":34}},"7":{"start":{"line":70,"column":2},"end":{"line":70,"column":25}},"8":{"start":{"line":73,"column":2},"end":{"line":73,"column":26}},"9":{"start":{"line":78,"column":2},"end":{"line":78,"column":26}},"10":{"start":{"line":81,"column":2},"end":{"line":81,"column":27}},"11":{"start":{"line":86,"column":2},"end":{"line":86,"column":29}},"12":{"start":{"line":89,"column":2},"end":{"line":89,"column":30}},"13":{"start":{"line":94,"column":2},"end":{"line":94,"column":24}},"14":{"start":{"line":97,"column":2},"end":{"line":97,"column":25}},"15":{"start":{"line":102,"column":2},"end":{"line":102,"column":32}},"16":{"start":{"line":105,"column":2},"end":{"line":105,"column":33}},"17":{"start":{"line":110,"column":2},"end":{"line":110,"column":26}},"18":{"start":{"line":113,"column":2},"end":{"line":113,"column":27}},"19":{"start":{"line":118,"column":2},"end":{"line":118,"column":30}},"20":{"start":{"line":123,"column":2},"end":{"line":123,"column":30}},"21":{"start":{"line":30,"column":0},"end":{"line":30,"column":13}}},"fnMap":{"0":{"name":"(anonymous_0)","decl":{"start":{"line":34,"column":1},"end":{"line":34,"column":13}},"loc":{"start":{"line":34,"column":48},"end":{"line":42,"column":2}}},"1":{"name":"(anonymous_1)","decl":{"start":{"line":44,"column":8},"end":{"line":44,"column":15}},"loc":{"start":{"line":44,"column":27},"end":{"line":56,"column":2}}},"2":{"name":"(anonymous_2)","decl":{"start":{"line":59,"column":1},"end":{"line":59,"column":5}},"loc":{"start":{"line":59,"column":7},"end":{"line":61,"column":2}}},"3":{"name":"(anonymous_3)","decl":{"start":{"line":64,"column":1},"end":{"line":64,"column":5}},"loc":{"start":{"line":64,"column":18},"end":{"line":66,"column":2}}},"4":{"name":"(anonymous_4)","decl":{"start":{"line":69,"column":1},"end":{"line":69,"column":5}},"loc":{"start":{"line":69,"column":9},"end":{"line":71,"column":2}}},"5":{"name":"(anonymous_5)","decl":{"start":{"line":72,"column":1},"end":{"line":72,"column":5}},"loc":{"start":{"line":72,"column":21},"end":{"line":74,"column":2}}},"6":{"name":"(anonymous_6)","decl":{"start":{"line":77,"column":1},"end":{"line":77,"column":5}},"loc":{"start":{"line":77,"column":10},"end":{"line":79,"column":2}}},"7":{"name":"(anonymous_7)","decl":{"start":{"line":80,"column":1},"end":{"line":80,"column":5}},"loc":{"start":{"line":80,"column":23},"end":{"line":82,"column":2}}},"8":{"name":"(anonymous_8)","decl":{"start":{"line":85,"column":1},"end":{"line":85,"column":5}},"loc":{"start":{"line":85,"column":13},"end":{"line":87,"column":2}}},"9":{"name":"(anonymous_9)","decl":{"start":{"line":88,"column":1},"end":{"line":88,"column":5}},"loc":{"start":{"line":88,"column":29},"end":{"line":90,"column":2}}},"10":{"name":"(anonymous_10)","decl":{"start":{"line":93,"column":1},"end":{"line":93,"column":5}},"loc":{"start":{"line":93,"column":8},"end":{"line":95,"column":2}}},"11":{"name":"(anonymous_11)","decl":{"start":{"line":96,"column":1},"end":{"line":96,"column":5}},"loc":{"start":{"line":96,"column":19},"end":{"line":98,"column":2}}},"12":{"name":"(anonymous_12)","decl":{"start":{"line":101,"column":1},"end":{"line":101,"column":5}},"loc":{"start":{"line":101,"column":16},"end":{"line":103,"column":2}}},"13":{"name":"(anonymous_13)","decl":{"start":{"line":104,"column":1},"end":{"line":104,"column":5}},"loc":{"start":{"line":104,"column":35},"end":{"line":106,"column":2}}},"14":{"name":"(anonymous_14)","decl":{"start":{"line":109,"column":1},"end":{"line":109,"column":5}},"loc":{"start":{"line":109,"column":10},"end":{"line":111,"column":2}}},"15":{"name":"(anonymous_15)","decl":{"start":{"line":112,"column":1},"end":{"line":112,"column":5}},"loc":{"start":{"line":112,"column":23},"end":{"line":114,"column":2}}},"16":{"name":"(anonymous_16)","decl":{"start":{"line":117,"column":1},"end":{"line":117,"column":5}},"loc":{"start":{"line":117,"column":14},"end":{"line":119,"column":2}}},"17":{"name":"(anonymous_17)","decl":{"start":{"line":122,"column":1},"end":{"line":122,"column":5}},"loc":{"start":{"line":122,"column":14},"end":{"line":124,"column":2}}}},"branchMap":{"0":{"loc":{"start":{"line":37,"column":10},"end":{"line":37,"column":37}},"type":"binary-expr","locations":[{"start":{"line":37,"column":10},"end":{"line":37,"column":21}},{"start":{"line":37,"column":25},"end":{"line":37,"column":37}}]},"1":{"loc":{"start":{"line":38,"column":14},"end":{"line":38,"column":43}},"type":"binary-expr","locations":[{"start":{"line":38,"column":14},"end":{"line":38,"column":29}},{"start":{"line":38,"column":33},"end":{"line":38,"column":43}}]},"2":{"loc":{"start":{"line":39,"column":14},"end":{"line":39,"column":43}},"type":"binary-expr","locations":[{"start":{"line":39,"column":14},"end":{"line":39,"column":29}},{"start":{"line":39,"column":33},"end":{"line":39,"column":43}}]},"3":{"loc":{"start":{"line":41,"column":13},"end":{"line":41,"column":31}},"type":"binary-expr","locations":[{"start":{"line":41,"column":13},"end":{"line":41,"column":15}},{"start":{"line":41,"column":19},"end":{"line":41,"column":31}}]},"4":{"loc":{"start":{"line":45,"column":9},"end":{"line":55,"column":35}},"type":"binary-expr","locations":[{"start":{"line":45,"column":9},"end":{"line":45,"column":30}},{"start":{"line":46,"column":4},"end":{"line":46,"column":25}},{"start":{"line":47,"column":4},"end":{"line":47,"column":46}},{"start":{"line":48,"column":4},"end":{"line":48,"column":38}},{"start":{"line":49,"column":4},"end":{"line":49,"column":38}},{"start":{"line":50,"column":4},"end":{"line":50,"column":47}},{"start":{"line":51,"column":4},"end":{"line":51,"column":31}},{"start":{"line":52,"column":4},"end":{"line":52,"column":35}},{"start":{"line":53,"column":4},"end":{"line":53,"column":41}},{"start":{"line":54,"column":4},"end":{"line":54,"column":33}},{"start":{"line":55,"column":4},"end":{"line":55,"column":35}}]}},"s":{"0":1,"1":1,"2":2,"3":2,"4":1,"5":1,"6":2,"7":2,"8":0,"9":2,"10":0,"11":2,"12":0,"13":2,"14":0,"15":2,"16":0,"17":3,"18":0,"19":2,"20":2,"21":1},"f":{"0":2,"1":1,"2":1,"3":2,"4":2,"5":0,"6":2,"7":0,"8":2,"9":0,"10":2,"11":0,"12":2,"13":0,"14":3,"15":0,"16":2,"17":2},"b":{"0":[2,2],"1":[2,0],"2":[2,0],"3":[2,0],"4":[1,1,1,1,1,1,1,1,1,1,1]}}
,"/home/node/app/src/app/errors/entities.ts": {"path":"/home/node/app/src/app/errors/entities.ts","statementMap":{"0":{"start":{"line":1,"column":0},"end":{"line":1,"column":54}},"1":{"start":{"line":12,"column":2},"end":{"line":12,"column":10}},"2":{"start":{"line":14,"column":2},"end":{"line":17,"column":22}},"3":{"start":{"line":18,"column":2},"end":{"line":18,"column":31}},"4":{"start":{"line":19,"column":2},"end":{"line":19,"column":29}},"5":{"start":{"line":8,"column":0},"end":{"line":8,"column":13}}},"fnMap":{"0":{"name":"(anonymous_0)","decl":{"start":{"line":11,"column":1},"end":{"line":11,"column":13}},"loc":{"start":{"line":11,"column":26},"end":{"line":20,"column":2}}}},"branchMap":{"0":{"loc":{"start":{"line":15,"column":3},"end":{"line":17,"column":21}},"type":"cond-expr","locations":[{"start":{"line":16,"column":6},"end":{"line":16,"column":27}},{"start":{"line":17,"column":6},"end":{"line":17,"column":21}}]}},"s":{"0":12,"1":19,"2":19,"3":19,"4":19,"5":12},"f":{"0":19},"b":{"0":[19,0]}}
,"/home/node/app/src/app/services/app.service.ts": {"path":"/home/node/app/src/app/services/app.service.ts","statementMap":{"0":{"start":{"line":8,"column":9},"end":{"line":8,"column":29}},"1":{"start":{"line":11,"column":2},"end":{"line":11,"column":55}},"2":{"start":{"line":5,"column":0},"end":{"line":5,"column":13}}},"fnMap":{"0":{"name":"(anonymous_0)","decl":{"start":{"line":6,"column":1},"end":{"line":6,"column":16}},"loc":{"start":{"line":6,"column":1},"end":{"line":6,"column":17}}},"1":{"name":"(anonymous_1)","decl":{"start":{"line":10,"column":1},"end":{"line":10,"column":5}},"loc":{"start":{"line":10,"column":19},"end":{"line":12,"column":2}}}},"branchMap":{},"s":{"0":0,"1":0,"2":0},"f":{"0":0,"1":0},"b":{}}
,"/home/node/app/src/infra/http/http.module.ts": {"path":"/home/node/app/src/infra/http/http.module.ts","statementMap":{"0":{"start":{"line":1,"column":0},"end":{"line":1,"column":40}},"1":{"start":{"line":2,"column":0},"end":{"line":2,"column":61}},"2":{"start":{"line":3,"column":0},"end":{"line":3,"column":58}},"3":{"start":{"line":4,"column":0},"end":{"line":4,"column":71}},"4":{"start":{"line":11,"column":7},"end":{"line":11,"column":null}},"5":{"start":{"line":11,"column":13},"end":{"line":11,"column":23}},"6":{"start":{"line":11,"column":13},"end":{"line":11,"column":null}}},"fnMap":{},"branchMap":{},"s":{"0":0,"1":0,"2":0,"3":0,"4":0,"5":0,"6":0},"f":{},"b":{}}
,"/home/node/app/src/infra/http/DTO/app.DTO.ts": {"path":"/home/node/app/src/infra/http/DTO/app.DTO.ts","statementMap":{"0":{"start":{"line":1,"column":0},"end":{"line":1,"column":46}},"1":{"start":{"line":2,"column":0},"end":{"line":2,"column":43}},"2":{"start":{"line":4,"column":0},"end":{"line":4,"column":13}},"3":{"start":{"line":7,"column":2},"end":{"line":7,"column":null}}},"fnMap":{},"branchMap":{},"s":{"0":0,"1":0,"2":0,"3":0},"f":{},"b":{}}
,"/home/node/app/src/infra/http/controllers/app.controller.ts": {"path":"/home/node/app/src/infra/http/controllers/app.controller.ts","statementMap":{"0":{"start":{"line":1,"column":0},"end":{"line":1,"column":66}},"1":{"start":{"line":2,"column":0},"end":{"line":2,"column":58}},"2":{"start":{"line":3,"column":0},"end":{"line":3,"column":40}},"3":{"start":{"line":6,"column":7},"end":{"line":14,"column":null}},"4":{"start":{"line":7,"column":30},"end":{"line":7,"column":42}},"5":{"start":{"line":12,"column":2},"end":{"line":12,"column":36}},"6":{"start":{"line":6,"column":13},"end":{"line":6,"column":26}},"7":{"start":{"line":11,"column":1},"end":{"line":13,"column":null}},"8":{"start":{"line":6,"column":13},"end":{"line":14,"column":null}}},"fnMap":{"0":{"name":"(anonymous_4)","decl":{"start":{"line":7,"column":1},"end":{"line":7,"column":30}},"loc":{"start":{"line":7,"column":52},"end":{"line":7,"column":56}}},"1":{"name":"(anonymous_5)","decl":{"start":{"line":11,"column":1},"end":{"line":11,"column":8}},"loc":{"start":{"line":11,"column":29},"end":{"line":13,"column":2}}}},"branchMap":{},"s":{"0":0,"1":0,"2":0,"3":0,"4":0,"5":0,"6":0,"7":0,"8":0},"f":{"0":0,"1":0},"b":{}}
,"/home/node/app/src/infra/storages/db/prisma/prisma.module.ts": {"path":"/home/node/app/src/infra/storages/db/prisma/prisma.module.ts","statementMap":{"0":{"start":{"line":1,"column":0},"end":{"line":1,"column":48}},"1":{"start":{"line":2,"column":0},"end":{"line":2,"column":49}},"2":{"start":{"line":8,"column":7},"end":{"line":8,"column":null}},"3":{"start":{"line":8,"column":13},"end":{"line":8,"column":25}},"4":{"start":{"line":8,"column":13},"end":{"line":8,"column":null}}},"fnMap":{},"branchMap":{},"s":{"0":0,"1":0,"2":0,"3":0,"4":0},"f":{},"b":{}}
,"/home/node/app/src/infra/storages/db/prisma/prisma.service.ts": {"path":"/home/node/app/src/infra/storages/db/prisma/prisma.service.ts","statementMap":{"0":{"start":{"line":1,"column":0},"end":{"line":1,"column":null}},"1":{"start":{"line":7,"column":0},"end":{"line":7,"column":46}},"2":{"start":{"line":10,"column":7},"end":{"line":25,"column":null}},"3":{"start":{"line":15,"column":2},"end":{"line":15,"column":24}},"4":{"start":{"line":19,"column":2},"end":{"line":19,"column":27}},"5":{"start":{"line":23,"column":2},"end":{"line":23,"column":27}},"6":{"start":{"line":10,"column":13},"end":{"line":10,"column":26}},"7":{"start":{"line":10,"column":13},"end":{"line":25,"column":null}}},"fnMap":{"0":{"name":"(anonymous_1)","decl":{"start":{"line":14,"column":1},"end":{"line":14,"column":6}},"loc":{"start":{"line":14,"column":19},"end":{"line":16,"column":2}}},"1":{"name":"(anonymous_2)","decl":{"start":{"line":18,"column":1},"end":{"line":18,"column":6}},"loc":{"start":{"line":18,"column":22},"end":{"line":20,"column":2}}},"2":{"name":"(anonymous_3)","decl":{"start":{"line":22,"column":1},"end":{"line":22,"column":6}},"loc":{"start":{"line":22,"column":28},"end":{"line":24,"column":2}}}},"branchMap":{},"s":{"0":0,"1":0,"2":0,"3":0,"4":0,"5":0,"6":0,"7":0},"f":{"0":0,"1":0,"2":0},"b":{}}
,"/home/node/app/tests/factories/condominium.ts": {"path":"/home/node/app/tests/factories/condominium.ts","statementMap":{"0":{"start":{"line":1,"column":0},"end":{"line":1,"column":43}},"1":{"start":{"line":2,"column":0},"end":{"line":2,"column":45}},"2":{"start":{"line":3,"column":0},"end":{"line":3,"column":47}},"3":{"start":{"line":4,"column":0},"end":{"line":4,"column":45}},"4":{"start":{"line":5,"column":0},"end":{"line":5,"column":43}},"5":{"start":{"line":6,"column":0},"end":{"line":6,"column":80}},"6":{"start":{"line":11,"column":1},"end":{"line":21,"column":3}},"7":{"start":{"line":10,"column":0},"end":{"line":10,"column":16}}},"fnMap":{"0":{"name":"condominiumFactory","decl":{"start":{"line":10,"column":16},"end":{"line":10,"column":34}},"loc":{"start":{"line":10,"column":65},"end":{"line":22,"column":1}}}},"branchMap":{},"s":{"0":1,"1":1,"2":1,"3":1,"4":1,"5":1,"6":2,"7":1},"f":{"0":2},"b":{}}
,"/home/node/app/tests/factories/user.ts": {"path":"/home/node/app/tests/factories/user.ts","statementMap":{"0":{"start":{"line":1,"column":0},"end":{"line":1,"column":43}},"1":{"start":{"line":2,"column":0},"end":{"line":2,"column":47}},"2":{"start":{"line":3,"column":0},"end":{"line":3,"column":45}},"3":{"start":{"line":4,"column":0},"end":{"line":4,"column":53}},"4":{"start":{"line":5,"column":0},"end":{"line":5,"column":59}},"5":{"start":{"line":6,"column":0},"end":{"line":6,"column":59}},"6":{"start":{"line":7,"column":0},"end":{"line":7,"column":36}},"7":{"start":{"line":12,"column":1},"end":{"line":23,"column":3}},"8":{"start":{"line":11,"column":0},"end":{"line":11,"column":16}}},"fnMap":{"0":{"name":"userFactory","decl":{"start":{"line":11,"column":16},"end":{"line":11,"column":27}},"loc":{"start":{"line":11,"column":58},"end":{"line":24,"column":1}}}},"branchMap":{},"s":{"0":1,"1":1,"2":1,"3":1,"4":1,"5":1,"6":1,"7":2,"8":1},"f":{"0":2},"b":{}}
}
