TN:
SF:jest.config.ts
FNF:0
FNH:0
DA:2,0
DA:3,0
DA:5,0
DA:21,0
LF:4
LH:0
BRF:0
BRH:0
end_of_record
TN:
SF:jest.e2e.config.ts
FNF:0
FNH:0
DA:2,0
DA:3,0
DA:5,0
DA:21,0
LF:4
LH:0
BRF:0
BRH:0
end_of_record
TN:
SF:src/app.module.ts
FNF:0
FNH:0
DA:1,0
DA:2,0
DA:5,0
LF:3
LH:0
BRF:0
BRH:0
end_of_record
TN:
SF:src/main.ts
FN:7,bootstrap
FNF:1
FNH:0
FNDA:0,bootstrap
DA:1,0
DA:3,0
DA:4,0
DA:5,0
DA:8,0
DA:9,0
DA:11,0
DA:12,0
DA:17,0
DA:24,0
DA:25,0
DA:27,0
DA:29,0
LF:13
LH:0
BRDA:27,0,0,0
BRDA:27,0,1,0
BRF:2
BRH:0
end_of_record
TN:
SF:src/app/entities/entities.ts
FN:1,(anonymous_0)
FNF:1
FNH:1
FNDA:12,(anonymous_0)
DA:1,12
DA:2,12
DA:3,12
DA:4,12
LF:4
LH:4
BRDA:1,0,0,12
BRDA:1,0,1,12
BRF:2
BRH:2
end_of_record
TN:
SF:src/app/entities/VO/CEP.ts
FN:5,(anonymous_0)
FN:13,(anonymous_1)
FN:17,(anonymous_2)
FNF:3
FNH:3
FNDA:6,(anonymous_0)
FNDA:2,(anonymous_1)
FNDA:2,(anonymous_2)
DA:1,2
DA:2,2
DA:4,2
DA:5,6
DA:6,6
DA:7,2
DA:14,2
DA:18,2
LF:8
LH:8
BRDA:6,0,0,2
BRF:1
BRH:1
end_of_record
TN:
SF:src/app/entities/VO/CNPJ.ts
FN:5,(anonymous_0)
FN:13,(anonymous_1)
FN:17,(anonymous_2)
FNF:3
FNH:3
FNDA:6,(anonymous_0)
FNDA:2,(anonymous_1)
FNDA:2,(anonymous_2)
DA:1,2
DA:2,2
DA:4,2
DA:5,6
DA:6,6
DA:7,2
DA:14,2
DA:18,2
LF:8
LH:8
BRDA:6,0,0,2
BRF:1
BRH:1
end_of_record
TN:
SF:src/app/entities/VO/CPF.ts
FN:5,(anonymous_0)
FN:13,(anonymous_1)
FN:17,(anonymous_2)
FNF:3
FNH:3
FNDA:6,(anonymous_0)
FNDA:2,(anonymous_1)
FNDA:2,(anonymous_2)
DA:1,2
DA:2,2
DA:4,2
DA:5,6
DA:6,6
DA:7,2
DA:14,2
DA:18,2
LF:8
LH:8
BRDA:6,0,0,2
BRF:1
BRH:1
end_of_record
TN:
SF:src/app/entities/VO/block.ts
FN:5,(anonymous_0)
FN:13,(anonymous_1)
FN:17,(anonymous_2)
FNF:3
FNH:3
FNDA:5,(anonymous_0)
FNDA:2,(anonymous_1)
FNDA:2,(anonymous_2)
DA:1,2
DA:2,2
DA:4,2
DA:5,5
DA:6,5
DA:7,1
DA:14,2
DA:18,2
LF:8
LH:8
BRDA:6,0,0,1
BRF:1
BRH:1
end_of_record
TN:
SF:src/app/entities/VO/email.ts
FN:5,(anonymous_0)
FN:13,(anonymous_1)
FN:17,(anonymous_2)
FNF:3
FNH:3
FNDA:6,(anonymous_0)
FNDA:2,(anonymous_1)
FNDA:2,(anonymous_2)
DA:1,2
DA:2,2
DA:4,2
DA:5,6
DA:6,6
DA:7,2
DA:14,2
DA:18,2
LF:8
LH:8
BRDA:6,0,0,2
BRDA:6,1,0,6
BRDA:6,1,1,5
BRF:3
BRH:3
end_of_record
TN:
SF:src/app/entities/VO/level.ts
FN:5,(anonymous_0)
FN:13,(anonymous_1)
FN:17,(anonymous_2)
FNF:3
FNH:3
FNDA:6,(anonymous_0)
FNDA:2,(anonymous_1)
FNDA:3,(anonymous_2)
DA:1,2
DA:2,2
DA:4,2
DA:5,6
DA:6,6
DA:7,2
DA:14,2
DA:18,3
LF:8
LH:8
BRDA:6,0,0,2
BRDA:6,1,0,6
BRDA:6,1,1,4
BRF:3
BRH:3
end_of_record
TN:
SF:src/app/entities/VO/name.ts
FN:5,(anonymous_0)
FN:13,(anonymous_1)
FN:17,(anonymous_2)
FNF:3
FNH:3
FNDA:8,(anonymous_0)
FNDA:3,(anonymous_1)
FNDA:3,(anonymous_2)
DA:1,3
DA:2,3
DA:4,3
DA:5,8
DA:6,8
DA:7,2
DA:14,3
DA:18,3
LF:8
LH:8
BRDA:6,0,0,2
BRDA:6,1,0,8
BRDA:6,1,1,7
BRF:3
BRH:3
end_of_record
TN:
SF:src/app/entities/VO/num.ts
FN:5,(anonymous_0)
FN:13,(anonymous_1)
FN:17,(anonymous_2)
FNF:3
FNH:3
FNDA:6,(anonymous_0)
FNDA:2,(anonymous_1)
FNDA:2,(anonymous_2)
DA:1,2
DA:2,2
DA:4,2
DA:5,6
DA:6,6
DA:7,2
DA:14,2
DA:18,2
LF:8
LH:8
BRDA:6,0,0,2
BRDA:6,1,0,6
BRDA:6,1,1,5
BRF:3
BRH:3
end_of_record
TN:
SF:src/app/entities/VO/password.ts
FN:5,(anonymous_0)
FN:13,(anonymous_1)
FN:17,(anonymous_2)
FNF:3
FNH:3
FNDA:6,(anonymous_0)
FNDA:2,(anonymous_1)
FNDA:2,(anonymous_2)
DA:1,2
DA:2,2
DA:4,2
DA:5,6
DA:6,6
DA:7,2
DA:14,2
DA:18,2
LF:8
LH:8
BRDA:6,0,0,2
BRDA:6,1,0,6
BRDA:6,1,1,5
BRF:3
BRH:3
end_of_record
TN:
SF:src/app/entities/VO/phoneNumber.ts
FN:5,(anonymous_0)
FN:13,(anonymous_1)
FN:17,(anonymous_2)
FNF:3
FNH:3
FNDA:6,(anonymous_0)
FNDA:2,(anonymous_1)
FNDA:2,(anonymous_2)
DA:1,2
DA:2,2
DA:4,2
DA:5,6
DA:6,6
DA:7,2
DA:14,2
DA:18,2
LF:8
LH:8
BRDA:6,0,0,2
BRDA:6,1,0,6
BRDA:6,1,1,5
BRF:3
BRH:3
end_of_record
TN:
SF:src/app/entities/condominium/index.ts
FN:28,(anonymous_0)
FN:37,(anonymous_1)
FN:52,(anonymous_2)
FN:57,(anonymous_3)
FN:60,(anonymous_4)
FN:65,(anonymous_5)
FN:68,(anonymous_6)
FN:73,(anonymous_7)
FN:76,(anonymous_8)
FN:81,(anonymous_9)
FN:84,(anonymous_10)
FN:89,(anonymous_11)
FN:92,(anonymous_12)
FN:97,(anonymous_13)
FN:102,(anonymous_14)
FNF:15
FNH:10
FNDA:2,(anonymous_0)
FNDA:1,(anonymous_1)
FNDA:2,(anonymous_2)
FNDA:1,(anonymous_3)
FNDA:0,(anonymous_4)
FNDA:1,(anonymous_5)
FNDA:0,(anonymous_6)
FNDA:1,(anonymous_7)
FNDA:0,(anonymous_8)
FNDA:1,(anonymous_9)
FNDA:0,(anonymous_10)
FNDA:1,(anonymous_11)
FNDA:0,(anonymous_12)
FNDA:1,(anonymous_13)
FNDA:1,(anonymous_14)
DA:1,1
DA:24,1
DA:29,2
DA:34,2
DA:38,1
DA:53,2
DA:58,1
DA:61,0
DA:66,1
DA:69,0
DA:74,1
DA:77,0
DA:82,1
DA:85,0
DA:90,1
DA:93,0
DA:98,1
DA:103,1
LF:18
LH:13
BRDA:31,0,0,2
BRDA:31,0,1,0
BRDA:32,1,0,2
BRDA:32,1,1,0
BRDA:34,2,0,2
BRDA:34,2,1,0
BRDA:39,3,0,1
BRDA:39,3,1,1
BRDA:39,3,2,1
BRDA:39,3,3,1
BRDA:39,3,4,1
BRDA:39,3,5,1
BRDA:39,3,6,1
BRDA:39,3,7,1
BRDA:39,3,8,1
BRF:15
BRH:12
end_of_record
TN:
SF:src/app/entities/user/index.ts
FN:34,(anonymous_0)
FN:44,(anonymous_1)
FN:59,(anonymous_2)
FN:64,(anonymous_3)
FN:69,(anonymous_4)
FN:72,(anonymous_5)
FN:77,(anonymous_6)
FN:80,(anonymous_7)
FN:85,(anonymous_8)
FN:88,(anonymous_9)
FN:93,(anonymous_10)
FN:96,(anonymous_11)
FN:101,(anonymous_12)
FN:104,(anonymous_13)
FN:109,(anonymous_14)
FN:112,(anonymous_15)
FN:117,(anonymous_16)
FN:122,(anonymous_17)
FNF:18
FNH:12
FNDA:2,(anonymous_0)
FNDA:1,(anonymous_1)
FNDA:1,(anonymous_2)
FNDA:2,(anonymous_3)
FNDA:2,(anonymous_4)
FNDA:0,(anonymous_5)
FNDA:2,(anonymous_6)
FNDA:0,(anonymous_7)
FNDA:2,(anonymous_8)
FNDA:0,(anonymous_9)
FNDA:2,(anonymous_10)
FNDA:0,(anonymous_11)
FNDA:2,(anonymous_12)
FNDA:0,(anonymous_13)
FNDA:3,(anonymous_14)
FNDA:0,(anonymous_15)
FNDA:2,(anonymous_16)
FNDA:2,(anonymous_17)
DA:1,1
DA:8,1
DA:30,1
DA:35,2
DA:41,2
DA:45,1
DA:60,1
DA:65,2
DA:70,2
DA:73,0
DA:78,2
DA:81,0
DA:86,2
DA:89,0
DA:94,2
DA:97,0
DA:102,2
DA:105,0
DA:110,3
DA:113,0
DA:118,2
DA:123,2
LF:22
LH:16
BRDA:37,0,0,2
BRDA:37,0,1,2
BRDA:38,1,0,2
BRDA:38,1,1,0
BRDA:39,2,0,2
BRDA:39,2,1,0
BRDA:41,3,0,2
BRDA:41,3,1,0
BRDA:45,4,0,1
BRDA:45,4,1,1
BRDA:45,4,2,1
BRDA:45,4,3,1
BRDA:45,4,4,1
BRDA:45,4,5,1
BRDA:45,4,6,1
BRDA:45,4,7,1
BRDA:45,4,8,1
BRDA:45,4,9,1
BRDA:45,4,10,1
BRF:19
BRH:16
end_of_record
TN:
SF:src/app/errors/entities.ts
FN:11,(anonymous_0)
FNF:1
FNH:1
FNDA:19,(anonymous_0)
DA:1,12
DA:8,12
DA:12,19
DA:14,19
DA:18,19
DA:19,19
LF:6
LH:6
BRDA:15,0,0,19
BRDA:15,0,1,0
BRF:2
BRH:1
end_of_record
TN:
SF:src/app/services/app.service.ts
FN:6,(anonymous_0)
FN:10,(anonymous_1)
FNF:2
FNH:0
FNDA:0,(anonymous_0)
FNDA:0,(anonymous_1)
DA:5,0
DA:8,0
DA:11,0
LF:3
LH:0
BRF:0
BRH:0
end_of_record
TN:
SF:src/infra/http/http.module.ts
FNF:0
FNH:0
DA:1,0
DA:2,0
DA:3,0
DA:4,0
DA:11,0
LF:5
LH:0
BRF:0
BRH:0
end_of_record
TN:
SF:src/infra/http/DTO/app.DTO.ts
FNF:0
FNH:0
DA:1,0
DA:2,0
DA:4,0
DA:7,0
LF:4
LH:0
BRF:0
BRH:0
end_of_record
TN:
SF:src/infra/http/controllers/app.controller.ts
FN:7,(anonymous_4)
FN:11,(anonymous_5)
FNF:2
FNH:0
FNDA:0,(anonymous_4)
FNDA:0,(anonymous_5)
DA:1,0
DA:2,0
DA:3,0
DA:6,0
DA:7,0
DA:11,0
DA:12,0
LF:7
LH:0
BRF:0
BRH:0
end_of_record
TN:
SF:src/infra/storages/db/prisma/prisma.module.ts
FNF:0
FNH:0
DA:1,0
DA:2,0
DA:8,0
LF:3
LH:0
BRF:0
BRH:0
end_of_record
TN:
SF:src/infra/storages/db/prisma/prisma.service.ts
FN:14,(anonymous_1)
FN:18,(anonymous_2)
FN:22,(anonymous_3)
FNF:3
FNH:0
FNDA:0,(anonymous_1)
FNDA:0,(anonymous_2)
FNDA:0,(anonymous_3)
DA:1,0
DA:7,0
DA:10,0
DA:15,0
DA:19,0
DA:23,0
LF:6
LH:0
BRF:0
BRH:0
end_of_record
TN:
SF:tests/factories/condominium.ts
FN:10,condominiumFactory
FNF:1
FNH:1
FNDA:2,condominiumFactory
DA:1,1
DA:2,1
DA:3,1
DA:4,1
DA:5,1
DA:6,1
DA:10,1
DA:11,2
LF:8
LH:8
BRF:0
BRH:0
end_of_record
TN:
SF:tests/factories/user.ts
FN:11,userFactory
FNF:1
FNH:1
FNDA:2,userFactory
DA:1,1
DA:2,1
DA:3,1
DA:4,1
DA:5,1
DA:6,1
DA:7,1
DA:11,1
DA:12,2
LF:9
LH:9
BRF:0
BRH:0
end_of_record
